TN:
SF:src/BankFeesBox.sol
DA:19,2
FN:19,BankFeesBox.onlyAutorized
FNDA:2,BankFeesBox.onlyAutorized
DA:20,2
BRDA:20,0,0,1
BRDA:20,0,1,1
DA:25,15
FN:25,BankFeesBox.constructor
FNDA:15,BankFeesBox.constructor
DA:26,15
DA:27,15
DA:31,2
FN:31,BankFeesBox.receiveFees
FNDA:2,BankFeesBox.receiveFees
DA:32,2
DA:33,2
DA:37,2
FN:37,BankFeesBox.withdrawEth
FNDA:2,BankFeesBox.withdrawEth
DA:38,1
DA:39,1
DA:40,1
BRDA:40,1,0,-
BRDA:40,1,1,1
DA:41,1
DA:45,3
FN:45,BankFeesBox.addManager
FNDA:3,BankFeesBox.addManager
DA:46,3
BRDA:46,2,0,2
BRDA:46,2,1,1
DA:47,1
DA:51,3
FN:51,BankFeesBox.deleteManager
FNDA:3,BankFeesBox.deleteManager
DA:52,3
BRDA:52,3,0,2
BRDA:52,3,1,1
DA:53,1
BRDA:53,4,0,1
BRDA:53,4,1,-
DA:54,0
FNF:6
FNH:6
LF:20
LH:19
BRF:10
BRH:8
end_of_record
TN:
SF:src/ImprovedCryptoBank.sol
DA:41,2
FN:41,ImprovedCryptoBank.onlyAdmin
FNDA:2,ImprovedCryptoBank.onlyAdmin
DA:42,2
BRDA:42,0,0,2
BRDA:42,0,1,2
DA:46,16
FN:46,ImprovedCryptoBank.constructor
FNDA:16,ImprovedCryptoBank.constructor
DA:47,16
DA:48,16
DA:49,16
DA:50,16
DA:56,9
FN:56,ImprovedCryptoBank.depositEther
FNDA:9,ImprovedCryptoBank.depositEther
DA:57,9
BRDA:57,1,0,1
BRDA:57,1,1,8
DA:58,8
DA:60,8
DA:64,6
FN:64,ImprovedCryptoBank.withdrawEther
FNDA:6,ImprovedCryptoBank.withdrawEther
DA:66,6
BRDA:66,2,0,1
BRDA:66,2,1,5
DA:68,5
DA:69,5
DA:70,5
BRDA:70,3,0,2
BRDA:70,3,1,3
DA:71,3
BRDA:71,4,0,1
BRDA:71,4,1,2
DA:73,2
DA:75,2
DA:77,2
DA:78,2
BRDA:78,5,0,-
BRDA:78,5,1,2
DA:80,2
DA:84,2
FN:84,ImprovedCryptoBank.modifyMaxBalance
FNDA:2,ImprovedCryptoBank.modifyMaxBalance
DA:85,0
DA:86,0
DA:89,4
FN:89,ImprovedCryptoBank.modifyFee
FNDA:4,ImprovedCryptoBank.modifyFee
DA:90,2
DA:91,2
FNF:6
FNH:6
LF:28
LH:26
BRF:12
BRH:11
end_of_record
